<?xml version="1.0" encoding="utf-8"?><testsuites name="pytest tests"><testsuite name="pytest" errors="0" failures="0" skipped="0" tests="7" time="1.399" timestamp="2026-05-01T23:50:38.304768+00:00" hostname="agent-env-2ae9b8ac-bf86-41be-b1f5-f8b8e64c8aaf"><testcase classname="backend.tests.test_brand_kit" name="test_get_brand_kit_requires_auth" time="0.292" /><testcase classname="backend.tests.test_brand_kit" name="test_put_brand_kit_requires_auth" time="0.135" /><testcase classname="backend.tests.test_brand_kit" name="test_default_kit_shape_after_reset" time="0.096" /><testcase classname="backend.tests.test_brand_kit" name="test_put_persists_and_get_returns" time="0.097" /><testcase classname="backend.tests.test_brand_kit" name="test_put_rejects_extra_fields_or_keeps_known_only" time="0.047" /><testcase classname="backend.tests.test_brand_kit" name="test_section_create_round_trip_with_brand_colors" time="0.408" /><testcase classname="backend.tests.test_brand_kit" name="test_section_create_products_priceColor_persists" time="0.254" /></testsuite></testsuites>