<?xml version="1.0" encoding="utf-8"?><testsuites name="pytest tests"><testsuite name="pytest" errors="0" failures="2" skipped="0" tests="15" time="12.797" timestamp="2026-05-01T16:52:53.368277+00:00" hostname="agent-env-b8575e84-c607-4844-8717-35a94ca49b3d"><testcase classname="backend.tests.test_iter6_block_validator.TestBlockValidator422" name="test_unknown_type_rejected" time="0.280" /><testcase classname="backend.tests.test_iter6_block_validator.TestBlockValidator422" name="test_section_without_section_type_rejected" time="0.122" /><testcase classname="backend.tests.test_iter6_block_validator.TestBlockValidator422" name="test_richtext_with_section_type_rejected" time="0.122" /><testcase classname="backend.tests.test_iter6_block_validator.TestBlockValidator422" name="test_block_missing_type_field_rejected" time="0.125" /><testcase classname="backend.tests.test_iter6_block_validator.TestBlockValidator422" name="test_put_pages_validates_blocks" time="0.359" /><testcase classname="backend.tests.test_iter6_block_validator.TestBlockValidator200" name="test_section_with_hero_succeeds" time="0.232" /><testcase classname="backend.tests.test_iter6_block_validator.TestBlockValidator200" name="test_richtext_empty_html_succeeds" time="0.296" /><testcase classname="backend.tests.test_iter6_block_validator.TestPagesRegression" name="test_full_crud_duplicate_reorder" time="1.260" /><testcase classname="backend.tests.test_iter6_block_validator.TestPagesRegression" name="test_list_pages_ok" time="0.181" /><testcase classname="backend.tests.test_iter6_block_validator.TestPageTemplatesValidator" name="test_template_valid_blocks_succeed" time="0.222" /><testcase classname="backend.tests.test_iter6_block_validator.TestPageTemplatesValidator" name="test_template_invalid_block_type_rejected" time="0.110"><failure message="AssertionError: {&quot;template_id&quot;:&quot;tpl_c891926236be&quot;,&quot;user_id&quot;:&quot;user_4cabfdc99c1c&quot;,&quot;name&quot;:&quot;TEST_iter6_tpl_bad&quot;,&quot;description&quot;:null,&quot;blocks&quot;:[{&quot;type&quot;:&quot;banana&quot;}],&quot;created_at&quot;:&quot;2026-05-01T16:52:56.723560Z&quot;}&#10;assert 200 == 422&#10; +  where 200 = &lt;Response [200]&gt;.status_code">backend/tests/test_iter6_block_validator.py:278: in test_template_invalid_block_type_rejected
    assert r.status_code == 422, r.text
E   AssertionError: {"template_id":"tpl_c891926236be","user_id":"user_4cabfdc99c1c","name":"TEST_iter6_tpl_bad","description":null,"blocks":[{"type":"banana"}],"created_at":"2026-05-01T16:52:56.723560Z"}
E   assert 200 == 422
E    +  where 200 = &lt;Response [200]&gt;.status_code</failure></testcase><testcase classname="backend.tests.test_iter6_block_validator.TestOtherRoutersUnchanged" name="test_sections_auth_gate" time="0.108" /><testcase classname="backend.tests.test_iter6_block_validator.TestOtherRoutersUnchanged" name="test_auth_me" time="0.156" /><testcase classname="backend.tests.test_iter6_block_validator.TestOtherRoutersUnchanged" name="test_scrape_product_auth_gate" time="8.985"><failure message="AssertionError: {&quot;name&quot;:&quot;Example Domain&quot;,&quot;price&quot;:null,&quot;image&quot;:null,&quot;url&quot;:&quot;https://example.com&quot;}&#10;assert 200 in (401, 403)&#10; +  where 200 = &lt;Response [200]&gt;.status_code">backend/tests/test_iter6_block_validator.py:297: in test_scrape_product_auth_gate
    assert r.status_code in (401, 403), r.text
E   AssertionError: {"name":"Example Domain","price":null,"image":null,"url":"https://example.com"}
E   assert 200 in (401, 403)
E    +  where 200 = &lt;Response [200]&gt;.status_code</failure></testcase><testcase classname="backend.tests.test_iter6_block_validator.TestOtherRoutersUnchanged" name="test_upload_auth_gate" time="0.150" /></testsuite></testsuites>