<?xml version="1.0" encoding="utf-8"?><testsuites name="pytest tests"><testsuite name="pytest" errors="0" failures="0" skipped="0" tests="4" time="0.893" timestamp="2026-04-30T13:37:26.142670+00:00" hostname="agent-env-27eabd34-3a14-42cb-aba2-6d915115f234"><testcase classname="backend.tests.backend_test" name="test_root_returns_modular_pages_message" time="0.272" /><testcase classname="backend.tests.backend_test" name="test_upload_png_returns_expected_shape" time="0.287" /><testcase classname="backend.tests.backend_test" name="test_files_endpoint_returns_bytes_publicly" time="0.225" /><testcase classname="backend.tests.backend_test" name="test_upload_rejects_txt" time="0.047" /></testsuite></testsuites>