<?xml version="1.0" encoding="utf-8"?><testsuites name="pytest tests"><testsuite name="pytest" errors="0" failures="0" skipped="0" tests="15" time="12.835" timestamp="2026-05-01T17:02:54.126012+00:00" hostname="agent-env-b8575e84-c607-4844-8717-35a94ca49b3d"><testcase classname="backend.tests.test_iter6_block_validator.TestBlockValidator422" name="test_unknown_type_rejected" time="0.276" /><testcase classname="backend.tests.test_iter6_block_validator.TestBlockValidator422" name="test_section_without_section_type_rejected" time="0.110" /><testcase classname="backend.tests.test_iter6_block_validator.TestBlockValidator422" name="test_richtext_with_section_type_rejected" time="0.107" /><testcase classname="backend.tests.test_iter6_block_validator.TestBlockValidator422" name="test_block_missing_type_field_rejected" time="0.113" /><testcase classname="backend.tests.test_iter6_block_validator.TestBlockValidator422" name="test_put_pages_validates_blocks" time="0.392" /><testcase classname="backend.tests.test_iter6_block_validator.TestBlockValidator200" name="test_section_with_hero_succeeds" time="0.243" /><testcase classname="backend.tests.test_iter6_block_validator.TestBlockValidator200" name="test_richtext_empty_html_succeeds" time="0.267" /><testcase classname="backend.tests.test_iter6_block_validator.TestPagesRegression" name="test_full_crud_duplicate_reorder" time="1.181" /><testcase classname="backend.tests.test_iter6_block_validator.TestPagesRegression" name="test_list_pages_ok" time="0.129" /><testcase classname="backend.tests.test_iter6_block_validator.TestPageTemplatesValidator" name="test_template_valid_blocks_succeed" time="0.261" /><testcase classname="backend.tests.test_iter6_block_validator.TestPageTemplatesValidator" name="test_template_invalid_block_type_rejected" time="0.117" /><testcase classname="backend.tests.test_iter6_block_validator.TestOtherRoutersUnchanged" name="test_sections_auth_gate" time="0.108" /><testcase classname="backend.tests.test_iter6_block_validator.TestOtherRoutersUnchanged" name="test_auth_me" time="0.111" /><testcase classname="backend.tests.test_iter6_block_validator.TestOtherRoutersUnchanged" name="test_scrape_product_reachable" time="9.195" /><testcase classname="backend.tests.test_iter6_block_validator.TestOtherRoutersUnchanged" name="test_upload_auth_gate" time="0.153" /></testsuite></testsuites>