<?xml version="1.0" encoding="utf-8"?><testsuites name="pytest tests"><testsuite name="pytest" errors="0" failures="0" skipped="0" tests="4" time="2.893" timestamp="2026-04-30T13:58:13.027958+00:00" hostname="agent-env-27eabd34-3a14-42cb-aba2-6d915115f234"><testcase classname="backend.tests.backend_test" name="test_root_returns_modular_pages_message" time="0.293" /><testcase classname="backend.tests.backend_test" name="test_upload_png_returns_expected_shape" time="2.086" /><testcase classname="backend.tests.backend_test" name="test_files_endpoint_returns_bytes_publicly" time="0.370" /><testcase classname="backend.tests.backend_test" name="test_upload_rejects_txt" time="0.053" /></testsuite></testsuites>